<?xml version="1.0" encoding="UTF-8" ?>
<testsuite tests="15" failures="0" name="YahtzeeTest" time="0.009" errors="0" skipped="0">
  <properties>
[...]
</properties>
  <testcase classname="YahtzeeTest" name="fullHouse" time="0.005"/>
  <testcase classname="YahtzeeTest" name="test_2s" time="0"/>
  <testcase classname="YahtzeeTest" name="test_3s" time="0"/>
  <testcase classname="YahtzeeTest" name="test_4s" time="0"/>
  <testcase classname="YahtzeeTest" name="test_5s" time="0"/>
  <testcase classname="YahtzeeTest" name="test_6s" time="0"/>
  <testcase classname="YahtzeeTest" name="smallStraight" time="0"/>
  <testcase classname="YahtzeeTest" name="Yahtzee_scores_50" time="0.001"/>
  <testcase classname="YahtzeeTest" name="four_of_a_knd" time="0"/>
  <testcase classname="YahtzeeTest" name="largeStraight" time="0"/>
  <testcase classname="YahtzeeTest" name="Test_1s" time="0"/>
  <testcase classname="YahtzeeTest" name="three_of_a_kind" time="0.001"/>
  <testcase classname="YahtzeeTest" name="Chance_scores_sum_of_all_dice" time="0.001"/>
  <testcase classname="YahtzeeTest" name="two_Pair" time="0.001"/>
  <testcase classname="YahtzeeTest" name="one_pair" time="0"/>
</testsuite>